<?xml version="1.0" encoding="UTF-8"?>
<!-- Generated by org.testng.reporters.JUnitReportReporter -->
<testsuite hostname="LAPTOP-R5NV1QLO" failures="0" tests="2" name="April10.Rbcwebsite.AccountsTest" time="6.140" errors="0" timestamp="2022-04-25T21:29:16 EDT" skipped="0">
  <testcase classname="April10.Rbcwebsite.AccountsTest" name="savings2" time="0.295"/>
  <system-out/>
  <testcase classname="April10.Rbcwebsite.AccountsTest" name="Savings" time="5.845"/>
  <system-out/>
</testsuite> <!-- April10.Rbcwebsite.AccountsTest -->
