<?xml version="1.0" encoding="UTF-8"?>
<!-- Generated by org.testng.reporters.JUnitReportReporter -->
<testsuite hostname="LAPTOP-R5NV1QLO" failures="0" tests="1" name="April10.Rbcwebsite.CreditTest" time="23.095" errors="0" timestamp="2022-04-21T23:50:06 EDT" skipped="0">
  <testcase classname="April10.Rbcwebsite.CreditTest" name="Creditapp" time="23.095"/>
  <system-out/>
</testsuite> <!-- April10.Rbcwebsite.CreditTest -->
